                      :-) GROMACS - gmx mdrun, 2023.1 (-:

Copyright 1991-2023 The GROMACS Authors.
GROMACS is free software; you can redistribute it and/or modify it
under the terms of the GNU Lesser General Public License
as published by the Free Software Foundation; either version 2.1
of the License, or (at your option) any later version.

                         Current GROMACS contributors:
       Mark Abraham           Andrey Alekseenko           Cathrine Bergh      
      Christian Blau            Eliane Briand             Mahesh Doijade      
    Stefan Fleischmann           Vytas Gapsys              Gaurav Garg        
      Sergey Gorelov         Gilles Gouaillardet            Alan Gray         
     M. Eric Irrgang         Farzaneh Jalalypour            Joe Jordan        
    Christoph Junghans        Prashanth Kanduri          Sebastian Keller     
     Carsten Kutzner           Justin A. Lemkul          Magnus Lundborg      
       Pascal Merz              Vedran Miletic            Dmitry Morozov      
       Szilard Pall             Roland Schulz             Michael Shirts      
     Alexey Shvetsov            Balint Soproni         David van der Spoel    
      Philip Turner             Carsten Uphoff           Alessandra Villa     
 Sebastian Wingbermuehle        Artem Zhmurov       

                         Previous GROMACS contributors:
        Emile Apol             Rossen Apostolov           James Barnett       
  Herman J.C. Berendsen          Par Bjelkmar           Viacheslav Bolnykh    
        Kevin Boyd            Aldert van Buuren          Carlo Camilloni      
     Rudi van Drunen            Anton Feenstra           Oliver Fleetwood     
     Gerrit Groenhof            Bert de Groot             Anca Hamuraru       
    Vincent Hindriksen          Victor Holanda           Aleksei Iupinov      
   Dimitrios Karkoulis           Peter Kasson             Sebastian Kehl      
        Jiri Kraus               Per Larsson              Viveca Lindahl      
      Erik Marklund           Pieter Meulenhoff           Teemu Murtola       
       Sander Pronk             Alfons Sijbers            Peter Tieleman      
       Jon Vincent             Teemu Virolainen         Christian Wennberg    
       Maarten Wolf       

                  Coordinated by the GROMACS project leaders:
                    Paul Bauer, Berk Hess, and Erik Lindahl

GROMACS:      gmx mdrun, version 2023.1
Executable:   /usr/local/gromacs/bin/gmx
Data prefix:  /usr/local/gromacs
Working dir:  /home/imami/git_resea/Simulations/Water/Crystal
Process ID:   16981
Command line:
  gmx mdrun -s nvt.tpr -o nvt.trr -x nvt.xtc -c nvt.gro -e nvt.edr -g nvt.log

GROMACS version:    2023.1
Precision:          mixed
Memory model:       64 bit
MPI library:        thread_mpi
OpenMP support:     enabled (GMX_OPENMP_MAX_THREADS = 128)
GPU support:        disabled
SIMD instructions:  AVX2_256
CPU FFT library:    fftw-3.3.8-sse2-avx-avx2-avx2_128
GPU FFT library:    none
Multi-GPU FFT:      none
RDTSCP usage:       enabled
TNG support:        enabled
Hwloc support:      disabled
Tracing support:    disabled
C compiler:         /usr/bin/cc GNU 11.3.0
C compiler flags:   -fexcess-precision=fast -funroll-all-loops -mavx2 -mfma -Wno-missing-field-initializers -O3 -DNDEBUG
C++ compiler:       /usr/bin/c++ GNU 11.3.0
C++ compiler flags: -fexcess-precision=fast -funroll-all-loops -mavx2 -mfma -Wno-missing-field-initializers -Wno-cast-function-type-strict -fopenmp -O3 -DNDEBUG
BLAS library:       Internal
LAPACK library:     Internal


Running on 1 node with total 14 cores, 20 processing units
Hardware detected on host pop-os:
  CPU info:
    Vendor: Intel
    Brand:  12th Gen Intel(R) Core(TM) i7-12700H
    Family: 6   Model: 154   Stepping: 3
    Features: aes apic avx avx2 clfsh cmov cx8 cx16 f16c fma htt intel lahf mmx msr nonstop_tsc pcid pclmuldq pdcm pdpe1gb popcnt pse rdrnd rdtscp sha sse2 sse3 sse4.1 sse4.2 ssse3 tdt x2apic
  Hardware topology: Basic
    Packages, cores, and logical processors:
    [indices refer to OS logical processors]
      Package  0: [   0   1] [   2   3] [   4   5] [   6   7] [   8   9] [  10  11] [  12] [  13] [  14] [  15] [  16] [  17] [  18] [  19]
    CPU limit set by OS: -1   Recommended max number of threads: 20


++++ PLEASE READ AND CITE THE FOLLOWING REFERENCE ++++
M. J. Abraham, T. Murtola, R. Schulz, S. Páll, J. C. Smith, B. Hess, E.
Lindahl
GROMACS: High performance molecular simulations through multi-level
parallelism from laptops to supercomputers
SoftwareX 1 (2015) pp. 19-25
-------- -------- --- Thank You --- -------- --------


++++ PLEASE READ AND CITE THE FOLLOWING REFERENCE ++++
S. Páll, M. J. Abraham, C. Kutzner, B. Hess, E. Lindahl
Tackling Exascale Software Challenges in Molecular Dynamics Simulations with
GROMACS
In S. Markidis & E. Laure (Eds.), Solving Software Challenges for Exascale 8759 (2015) pp. 3-27
-------- -------- --- Thank You --- -------- --------


++++ PLEASE READ AND CITE THE FOLLOWING REFERENCE ++++
S. Pronk, S. Páll, R. Schulz, P. Larsson, P. Bjelkmar, R. Apostolov, M. R.
Shirts, J. C. Smith, P. M. Kasson, D. van der Spoel, B. Hess, and E. Lindahl
GROMACS 4.5: a high-throughput and highly parallel open source molecular
simulation toolkit
Bioinformatics 29 (2013) pp. 845-54
-------- -------- --- Thank You --- -------- --------


++++ PLEASE READ AND CITE THE FOLLOWING REFERENCE ++++
B. Hess and C. Kutzner and D. van der Spoel and E. Lindahl
GROMACS 4: Algorithms for highly efficient, load-balanced, and scalable
molecular simulation
J. Chem. Theory Comput. 4 (2008) pp. 435-447
-------- -------- --- Thank You --- -------- --------


++++ PLEASE READ AND CITE THE FOLLOWING REFERENCE ++++
D. van der Spoel, E. Lindahl, B. Hess, G. Groenhof, A. E. Mark and H. J. C.
Berendsen
GROMACS: Fast, Flexible and Free
J. Comp. Chem. 26 (2005) pp. 1701-1719
-------- -------- --- Thank You --- -------- --------


++++ PLEASE READ AND CITE THE FOLLOWING REFERENCE ++++
E. Lindahl and B. Hess and D. van der Spoel
GROMACS 3.0: A package for molecular simulation and trajectory analysis
J. Mol. Mod. 7 (2001) pp. 306-317
-------- -------- --- Thank You --- -------- --------


++++ PLEASE READ AND CITE THE FOLLOWING REFERENCE ++++
H. J. C. Berendsen, D. van der Spoel and R. van Drunen
GROMACS: A message-passing parallel molecular dynamics implementation
Comp. Phys. Comm. 91 (1995) pp. 43-56
-------- -------- --- Thank You --- -------- --------


++++ PLEASE CITE THE DOI FOR THIS VERSION OF GROMACS ++++
https://doi.org/10.5281/zenodo.7852175
-------- -------- --- Thank You --- -------- --------

Input Parameters:
   integrator                     = md
   tinit                          = 0
   dt                             = 0.002
   nsteps                         = 50000
   init-step                      = 0
   simulation-part                = 1
   mts                            = false
   comm-mode                      = Linear
   nstcomm                        = 100
   bd-fric                        = 0
   ld-seed                        = -1074020482
   emtol                          = 10
   emstep                         = 0.01
   niter                          = 20
   fcstep                         = 0
   nstcgsteep                     = 1000
   nbfgscorr                      = 10
   rtpi                           = 0.05
   nstxout                        = 0
   nstvout                        = 0
   nstfout                        = 0
   nstlog                         = 2000
   nstcalcenergy                  = 100
   nstenergy                      = 200
   nstxout-compressed             = 10000
   compressed-x-precision         = 1000
   cutoff-scheme                  = Verlet
   nstlist                        = 10
   pbc                            = xyz
   periodic-molecules             = false
   verlet-buffer-tolerance        = 0.005
   rlist                          = 1
   coulombtype                    = PME
   coulomb-modifier               = Potential-shift
   rcoulomb-switch                = 0
   rcoulomb                       = 1
   epsilon-r                      = 1
   epsilon-rf                     = inf
   vdw-type                       = Cut-off
   vdw-modifier                   = Potential-shift
   rvdw-switch                    = 0
   rvdw                           = 1
   DispCorr                       = EnerPres
   table-extension                = 1
   fourierspacing                 = 0.12
   fourier-nx                     = 84
   fourier-ny                     = 84
   fourier-nz                     = 84
   pme-order                      = 4
   ewald-rtol                     = 1e-05
   ewald-rtol-lj                  = 0.001
   lj-pme-comb-rule               = Geometric
   ewald-geometry                 = 3d
   epsilon-surface                = 0
   ensemble-temperature-setting   = constant
   ensemble-temperature           = 200
   tcoupl                         = Nose-Hoover
   nsttcouple                     = 25
   nh-chain-length                = 1
   print-nose-hoover-chain-variables = false
   pcoupl                         = No
   pcoupltype                     = Isotropic
   nstpcouple                     = -1
   tau-p                          = 1
   compressibility (3x3):
      compressibility[    0]={ 0.00000e+00,  0.00000e+00,  0.00000e+00}
      compressibility[    1]={ 0.00000e+00,  0.00000e+00,  0.00000e+00}
      compressibility[    2]={ 0.00000e+00,  0.00000e+00,  0.00000e+00}
   ref-p (3x3):
      ref-p[    0]={ 0.00000e+00,  0.00000e+00,  0.00000e+00}
      ref-p[    1]={ 0.00000e+00,  0.00000e+00,  0.00000e+00}
      ref-p[    2]={ 0.00000e+00,  0.00000e+00,  0.00000e+00}
   refcoord-scaling               = No
   posres-com (3):
      posres-com[0]= 0.00000e+00
      posres-com[1]= 0.00000e+00
      posres-com[2]= 0.00000e+00
   posres-comB (3):
      posres-comB[0]= 0.00000e+00
      posres-comB[1]= 0.00000e+00
      posres-comB[2]= 0.00000e+00
   QMMM                           = false
qm-opts:
   ngQM                           = 0
   constraint-algorithm           = Lincs
   continuation                   = false
   Shake-SOR                      = false
   shake-tol                      = 0.0001
   lincs-order                    = 4
   lincs-iter                     = 1
   lincs-warnangle                = 30
   nwall                          = 0
   wall-type                      = 9-3
   wall-r-linpot                  = -1
   wall-atomtype[0]               = -1
   wall-atomtype[1]               = -1
   wall-density[0]                = 0
   wall-density[1]                = 0
   wall-ewald-zfac                = 3
   pull                           = false
   awh                            = false
   rotation                       = false
   interactiveMD                  = false
   disre                          = No
   disre-weighting                = Conservative
   disre-mixed                    = false
   dr-fc                          = 1000
   dr-tau                         = 0
   nstdisreout                    = 100
   orire-fc                       = 0
   orire-tau                      = 0
   nstorireout                    = 100
   free-energy                    = no
   cos-acceleration               = 0
   deform (3x3):
      deform[    0]={ 0.00000e+00,  0.00000e+00,  0.00000e+00}
      deform[    1]={ 0.00000e+00,  0.00000e+00,  0.00000e+00}
      deform[    2]={ 0.00000e+00,  0.00000e+00,  0.00000e+00}
   simulated-tempering            = false
   swapcoords                     = no
   userint1                       = 0
   userint2                       = 0
   userint3                       = 0
   userint4                       = 0
   userreal1                      = 0
   userreal2                      = 0
   userreal3                      = 0
   userreal4                      = 0
   applied-forces:
     electric-field:
       x:
         E0                       = 0
         omega                    = 0
         t0                       = 0
         sigma                    = 0
       y:
         E0                       = 0
         omega                    = 0
         t0                       = 0
         sigma                    = 0
       z:
         E0                       = 0
         omega                    = 0
         t0                       = 0
         sigma                    = 0
     density-guided-simulation:
       active                     = false
       group                      = protein
       similarity-measure         = inner-product
       atom-spreading-weight      = unity
       force-constant             = 1e+09
       gaussian-transform-spreading-width = 0.2
       gaussian-transform-spreading-range-in-multiples-of-width = 4
       reference-density-filename = reference.mrc
       nst                        = 1
       normalize-densities        = true
       adaptive-force-scaling     = false
       adaptive-force-scaling-time-constant = 4
       shift-vector               = 
       transformation-matrix      = 
     qmmm-cp2k:
       active                     = false
       qmgroup                    = System
       qmmethod                   = PBE
       qmfilenames                = 
       qmcharge                   = 0
       qmmultiplicity             = 1
grpopts:
   nrdf:         603
   ref-t:         200
   tau-t:           1
annealing:          No
annealing-npoints:           0
   acc:	           0           0           0
   nfreeze:           N           N           N
   energygrp-flags[  0]: 0

Changing nstlist from 10 to 100, rlist from 1 to 1.086

Update task can not run on the GPU, because the following condition(s) were not satisfied:

Either PME or short-ranged non-bonded interaction tasks must run on the GPU.
Compatible GPUs must have been found.
Only CUDA and SYCL builds are supported.
Nose-Hoover temperature coupling is not supported.
Virtual sites are not supported.
The number of coupled constraints is higher than supported in the GPU LINCS code.
Chosen GPU implementation does not support constraints.

Initializing Domain Decomposition on 4 ranks
Dynamic load balancing: auto
Using update groups, nr 101, average size 4.0 atoms, max. radius 0.078 nm
Minimum cell size due to atom displacement: 0.415 nm
Scaling the initial minimum size with 1/0.8 (option -dds) = 1.25
Using 0 separate PME ranks because: there are too few total ranks for efficient splitting
Optimizing the DD grid for 4 cells with a minimum initial size of 0.519 nm
The maximum allowed number of cells is: X 19 Y 19 Z 19
Domain decomposition grid 4 x 1 x 1, separate PME ranks 0
PME domain decomposition: 4 x 1 x 1
Domain decomposition rank 0, coordinates 0 0 0

The initial number of communication pulses is: X 1
The initial domain decomposition cell size is: X 2.50 nm

When dynamic load balancing gets turned on, these settings will change to:
The maximum number of communication pulses is: X 1
The minimum size for domain decomposition cells is 1.242 nm
The requested allowed shrink of DD cells (option -dds) is: 0.80
The allowed shrink of domain decomposition cells is: X 0.50

Using 4 MPI threads
Using 5 OpenMP threads per tMPI thread

System total charge: 0.000
Will do PME sum in reciprocal space for electrostatic interactions.

++++ PLEASE READ AND CITE THE FOLLOWING REFERENCE ++++
U. Essmann, L. Perera, M. L. Berkowitz, T. Darden, H. Lee and L. G. Pedersen 
A smooth particle mesh Ewald method
J. Chem. Phys. 103 (1995) pp. 8577-8592
-------- -------- --- Thank You --- -------- --------

Using a Gaussian width (1/beta) of 0.320163 nm for Ewald
Potential shift: LJ r^-12: -1.000e+00 r^-6: -1.000e+00, Ewald -1.000e-05
Initialized non-bonded Coulomb Ewald tables, spacing: 9.33e-04 size: 1073

Long Range LJ corr.: <C6> 1.7091e-04


Using SIMD 4x8 nonbonded short-range kernels

Using a dual 4x8 pair-list setup updated with dynamic pruning:
  outer list: updated every 100 steps, buffer 0.086 nm, rlist 1.086 nm
  inner list: updated every  24 steps, buffer 0.002 nm, rlist 1.002 nm
At tolerance 0.005 kJ/mol/ps per atom, equivalent classical 1x1 list would be:
  outer list: updated every 100 steps, buffer 0.230 nm, rlist 1.230 nm
  inner list: updated every  24 steps, buffer 0.074 nm, rlist 1.074 nm

Using Geometric Lennard-Jones combination rule
Removing pbc first time

Linking all bonded interactions to atoms


Pinning threads with an auto-selected logical cpu stride of 1

++++ PLEASE READ AND CITE THE FOLLOWING REFERENCE ++++
S. Miyamoto and P. A. Kollman
SETTLE: An Analytical Version of the SHAKE and RATTLE Algorithms for Rigid
Water Models
J. Comp. Chem. 13 (1992) pp. 952-962
-------- -------- --- Thank You --- -------- --------

Intra-simulation communication will occur every 25 steps.
There are: 303 Atoms
There are: 101 VSites
Atom distribution over 4 domains: av 101 stddev 101 min 0 max 204

Constraining the starting coordinates (step 0)

Constraining the coordinates at t0-dt (step 0)
Center of mass motion removal mode is Linear
We have the following groups for center of mass motion removal:
  0:  rest
RMS relative constraint deviation after constraining: 0.00e+00
Initial temperature: 296.926 K

Started mdrun on rank 0 Thu Jun  1 19:50:37 2023

           Step           Time
              0        0.00000

   Energies (kJ/mol)
        LJ (SR)  Disper. corr.   Coulomb (SR)   Coul. recip.      Potential
    1.12528e+03   -8.23221e-02   -5.81383e+03    1.13967e+02   -4.57466e+03
    Kinetic En.   Total Energy  Conserved En.    Temperature Pres. DC (bar)
    7.44563e+02   -3.83010e+03   -3.83010e+03    2.97016e+02   -1.94026e-03
 Pressure (bar)
   -5.70431e-01


DD  step 99 load imb.: force 44.7%

DD  step 1999 load imb.: force 59.2%
           Step           Time
           2000        4.00000

   Energies (kJ/mol)
        LJ (SR)  Disper. corr.   Coulomb (SR)   Coul. recip.      Potential
    1.04388e+03   -8.23221e-02   -5.49560e+03    7.23355e+01   -4.37947e+03
    Kinetic En.   Total Energy  Conserved En.    Temperature Pres. DC (bar)
    5.53527e+02   -3.82594e+03   -3.77565e+03    2.20809e+02   -1.94026e-03
 Pressure (bar)
    2.79291e+00


DD  step 3999 load imb.: force 59.8%
           Step           Time
           4000        8.00000

   Energies (kJ/mol)
        LJ (SR)  Disper. corr.   Coulomb (SR)   Coul. recip.      Potential
    1.14598e+03   -8.23221e-02   -5.82341e+03    7.76726e+01   -4.59984e+03
    Kinetic En.   Total Energy  Conserved En.    Temperature Pres. DC (bar)
    3.96160e+02   -4.20368e+03   -3.72443e+03    1.58033e+02   -1.94026e-03
 Pressure (bar)
    2.32951e+00


DD  step 5999 load imb.: force 91.5%
           Step           Time
           6000       12.00000

   Energies (kJ/mol)
        LJ (SR)  Disper. corr.   Coulomb (SR)   Coul. recip.      Potential
    9.74626e+02   -8.23221e-02   -5.46105e+03    6.87401e+01   -4.41776e+03
    Kinetic En.   Total Energy  Conserved En.    Temperature Pres. DC (bar)
    4.93576e+02   -3.92419e+03   -3.61610e+03    1.96894e+02   -1.94026e-03
 Pressure (bar)
   -2.26237e+00


DD  step 7999 load imb.: force 47.1%
           Step           Time
           8000       16.00000

   Energies (kJ/mol)
        LJ (SR)  Disper. corr.   Coulomb (SR)   Coul. recip.      Potential
    1.08178e+03   -8.23221e-02   -5.71600e+03    6.42574e+01   -4.57004e+03
    Kinetic En.   Total Energy  Conserved En.    Temperature Pres. DC (bar)
    4.95175e+02   -4.07486e+03   -3.60986e+03    1.97532e+02   -1.94026e-03
 Pressure (bar)
   -7.00930e-01


DD  step 9999 load imb.: force 51.3%
           Step           Time
          10000       20.00000

   Energies (kJ/mol)
        LJ (SR)  Disper. corr.   Coulomb (SR)   Coul. recip.      Potential
    1.13997e+03   -8.23221e-02   -5.71698e+03    6.57926e+01   -4.51131e+03
    Kinetic En.   Total Energy  Conserved En.    Temperature Pres. DC (bar)
    5.23233e+02   -3.98807e+03   -3.56866e+03    2.08725e+02   -1.94026e-03
 Pressure (bar)
    4.29761e+00


DD  step 11999 load imb.: force 52.6%
           Step           Time
          12000       24.00000

   Energies (kJ/mol)
        LJ (SR)  Disper. corr.   Coulomb (SR)   Coul. recip.      Potential
    1.03671e+03   -8.23221e-02   -5.62993e+03    6.99401e+01   -4.52336e+03
    Kinetic En.   Total Energy  Conserved En.    Temperature Pres. DC (bar)
    4.87057e+02   -4.03630e+03   -3.56670e+03    1.94293e+02   -1.94026e-03
 Pressure (bar)
   -1.38607e+00


DD  step 13999 load imb.: force 57.3%
           Step           Time
          14000       28.00000

   Energies (kJ/mol)
        LJ (SR)  Disper. corr.   Coulomb (SR)   Coul. recip.      Potential
    1.18207e+03   -8.23221e-02   -5.84112e+03    7.09708e+01   -4.58815e+03
    Kinetic En.   Total Energy  Conserved En.    Temperature Pres. DC (bar)
    4.87304e+02   -4.10085e+03   -3.57401e+03    1.94392e+02   -1.94026e-03
 Pressure (bar)
    5.01392e+00


DD  step 15999 load imb.: force 54.0%
           Step           Time
          16000       32.00000

   Energies (kJ/mol)
        LJ (SR)  Disper. corr.   Coulomb (SR)   Coul. recip.      Potential
    1.18060e+03   -8.23221e-02   -5.84780e+03    6.52590e+01   -4.60202e+03
    Kinetic En.   Total Energy  Conserved En.    Temperature Pres. DC (bar)
    4.92144e+02   -4.10987e+03   -3.55963e+03    1.96323e+02   -1.94026e-03
 Pressure (bar)
    5.03068e+00


DD  step 17999 load imb.: force 39.7%
           Step           Time
          18000       36.00000

   Energies (kJ/mol)
        LJ (SR)  Disper. corr.   Coulomb (SR)   Coul. recip.      Potential
    1.18177e+03   -8.23221e-02   -5.87436e+03    5.64345e+01   -4.63624e+03
    Kinetic En.   Total Energy  Conserved En.    Temperature Pres. DC (bar)
    5.04359e+02   -4.13188e+03   -3.55580e+03    2.01195e+02   -1.94026e-03
 Pressure (bar)
    4.49398e+00


DD  step 19999 load imb.: force 55.1%
           Step           Time
          20000       40.00000

   Energies (kJ/mol)
        LJ (SR)  Disper. corr.   Coulomb (SR)   Coul. recip.      Potential
    1.05554e+03   -8.23221e-02   -5.56755e+03    6.71723e+01   -4.44492e+03
    Kinetic En.   Total Energy  Conserved En.    Temperature Pres. DC (bar)
    6.03523e+02   -3.84140e+03   -3.38694e+03    2.40753e+02   -1.94026e-03
 Pressure (bar)
    2.31497e+00


DD  step 21999 load imb.: force 53.7%
           Step           Time
          22000       44.00000

   Energies (kJ/mol)
        LJ (SR)  Disper. corr.   Coulomb (SR)   Coul. recip.      Potential
    1.15631e+03   -8.23221e-02   -5.88415e+03    6.35120e+01   -4.66441e+03
    Kinetic En.   Total Energy  Conserved En.    Temperature Pres. DC (bar)
    4.51974e+02   -4.21244e+03   -3.31648e+03    1.80299e+02   -1.94026e-03
 Pressure (bar)
    2.35930e+00


DD  step 23999 load imb.: force 57.0%
           Step           Time
          24000       48.00000

   Energies (kJ/mol)
        LJ (SR)  Disper. corr.   Coulomb (SR)   Coul. recip.      Potential
    9.20213e+02   -8.23221e-02   -5.47296e+03    5.90472e+01   -4.49379e+03
    Kinetic En.   Total Energy  Conserved En.    Temperature Pres. DC (bar)
    5.60863e+02   -3.93292e+03   -3.26125e+03    2.23736e+02   -1.94026e-03
 Pressure (bar)
   -6.71693e+00


DD  step 25999 load imb.: force 77.8%
           Step           Time
          26000       52.00000

   Energies (kJ/mol)
        LJ (SR)  Disper. corr.   Coulomb (SR)   Coul. recip.      Potential
    1.14243e+03   -8.23221e-02   -5.88812e+03    7.45858e+01   -4.67119e+03
    Kinetic En.   Total Energy  Conserved En.    Temperature Pres. DC (bar)
    4.45758e+02   -4.22543e+03   -3.24236e+03    1.77819e+02   -1.94026e-03
 Pressure (bar)
    1.27077e+00


DD  step 27999 load imb.: force 59.3%
           Step           Time
          28000       56.00000

   Energies (kJ/mol)
        LJ (SR)  Disper. corr.   Coulomb (SR)   Coul. recip.      Potential
    1.04012e+03   -8.23221e-02   -5.64092e+03    7.12401e+01   -4.52964e+03
    Kinetic En.   Total Energy  Conserved En.    Temperature Pres. DC (bar)
    5.91945e+02   -3.93770e+03   -3.04510e+03    2.36135e+02   -1.94026e-03
 Pressure (bar)
   -2.05396e+00


DD  step 29999 load imb.: force 50.7%
           Step           Time
          30000       60.00000

   Energies (kJ/mol)
        LJ (SR)  Disper. corr.   Coulomb (SR)   Coul. recip.      Potential
    1.17391e+03   -8.23221e-02   -5.83910e+03    5.87616e+01   -4.60650e+03
    Kinetic En.   Total Energy  Conserved En.    Temperature Pres. DC (bar)
    4.39543e+02   -4.16696e+03   -3.00416e+03    1.75339e+02   -1.94026e-03
 Pressure (bar)
    4.18009e+00


DD  step 31999 load imb.: force 50.5%
           Step           Time
          32000       64.00000

   Energies (kJ/mol)
        LJ (SR)  Disper. corr.   Coulomb (SR)   Coul. recip.      Potential
    1.09964e+03   -8.23221e-02   -5.65565e+03    6.53068e+01   -4.49078e+03
    Kinetic En.   Total Energy  Conserved En.    Temperature Pres. DC (bar)
    5.33466e+02   -3.95731e+03   -2.97346e+03    2.12807e+02   -1.94026e-03
 Pressure (bar)
    3.95650e+00


DD  step 33999 load imb.: force 53.5%
           Step           Time
          34000       68.00000

   Energies (kJ/mol)
        LJ (SR)  Disper. corr.   Coulomb (SR)   Coul. recip.      Potential
    1.11348e+03   -8.23221e-02   -5.72995e+03    6.11003e+01   -4.55545e+03
    Kinetic En.   Total Energy  Conserved En.    Temperature Pres. DC (bar)
    5.85985e+02   -3.96947e+03   -2.97596e+03    2.33757e+02   -1.94026e-03
 Pressure (bar)
    2.72856e+00


DD  step 35999 load imb.: force 62.6%
           Step           Time
          36000       72.00000

   Energies (kJ/mol)
        LJ (SR)  Disper. corr.   Coulomb (SR)   Coul. recip.      Potential
    1.03480e+03   -8.23221e-02   -5.64134e+03    4.60389e+01   -4.56058e+03
    Kinetic En.   Total Energy  Conserved En.    Temperature Pres. DC (bar)
    4.99151e+02   -4.06143e+03   -2.99136e+03    1.99118e+02   -1.94026e-03
 Pressure (bar)
   -1.83638e+00


DD  step 37999 load imb.: force 60.3%
           Step           Time
          38000       76.00000

   Energies (kJ/mol)
        LJ (SR)  Disper. corr.   Coulomb (SR)   Coul. recip.      Potential
    1.16119e+03   -8.23221e-02   -5.73549e+03    5.33499e+01   -4.52103e+03
    Kinetic En.   Total Energy  Conserved En.    Temperature Pres. DC (bar)
    4.59779e+02   -4.06126e+03   -2.96640e+03    1.83412e+02   -1.94026e-03
 Pressure (bar)
    5.45573e+00


DD  step 39999 load imb.: force 58.7%
           Step           Time
          40000       80.00000

   Energies (kJ/mol)
        LJ (SR)  Disper. corr.   Coulomb (SR)   Coul. recip.      Potential
    9.98761e+02   -8.23221e-02   -5.61842e+03    6.37331e+01   -4.55601e+03
    Kinetic En.   Total Energy  Conserved En.    Temperature Pres. DC (bar)
    5.54387e+02   -4.00163e+03   -2.96938e+03    2.21152e+02   -1.94026e-03
 Pressure (bar)
   -3.16463e+00


DD  step 41999 load imb.: force 63.5%
           Step           Time
          42000       84.00000

   Energies (kJ/mol)
        LJ (SR)  Disper. corr.   Coulomb (SR)   Coul. recip.      Potential
    1.07862e+03   -8.23221e-02   -5.69197e+03    6.60644e+01   -4.54737e+03
    Kinetic En.   Total Energy  Conserved En.    Temperature Pres. DC (bar)
    5.53076e+02   -3.99429e+03   -2.98173e+03    2.20629e+02   -1.94026e-03
 Pressure (bar)
    1.61597e+00


DD  step 43999 load imb.: force 66.8%
           Step           Time
          44000       88.00000

   Energies (kJ/mol)
        LJ (SR)  Disper. corr.   Coulomb (SR)   Coul. recip.      Potential
    1.16934e+03   -8.23221e-02   -5.94245e+03    5.82279e+01   -4.71497e+03
    Kinetic En.   Total Energy  Conserved En.    Temperature Pres. DC (bar)
    4.31750e+02   -4.28322e+03   -2.85560e+03    1.72231e+02   -1.94026e-03
 Pressure (bar)
    1.74876e+00


DD  step 45999 load imb.: force 63.9%
           Step           Time
          46000       92.00000

   Energies (kJ/mol)
        LJ (SR)  Disper. corr.   Coulomb (SR)   Coul. recip.      Potential
    1.02709e+03   -8.23221e-02   -5.52530e+03    6.41578e+01   -4.43414e+03
    Kinetic En.   Total Energy  Conserved En.    Temperature Pres. DC (bar)
    5.42277e+02   -3.89186e+03   -2.75964e+03    2.16321e+02   -1.94026e-03
 Pressure (bar)
    1.58463e+00


DD  step 47999 load imb.: force 80.8%
           Step           Time
          48000       96.00000

   Energies (kJ/mol)
        LJ (SR)  Disper. corr.   Coulomb (SR)   Coul. recip.      Potential
    1.04454e+03   -8.23221e-02   -5.70853e+03    5.55514e+01   -4.60852e+03
    Kinetic En.   Total Energy  Conserved En.    Temperature Pres. DC (bar)
    4.45406e+02   -4.16311e+03   -2.60542e+03    1.77678e+02   -1.94026e-03
 Pressure (bar)
   -1.81532e-01


DD  step 49999 load imb.: force 70.3%
           Step           Time
          50000      100.00000

Writing checkpoint, step 50000 at Thu Jun  1 19:51:41 2023


   Energies (kJ/mol)
        LJ (SR)  Disper. corr.   Coulomb (SR)   Coul. recip.      Potential
    1.04967e+03   -8.23221e-02   -5.74396e+03    7.00418e+01   -4.62432e+03
    Kinetic En.   Total Energy  Conserved En.    Temperature Pres. DC (bar)
    4.88941e+02   -4.13538e+03   -2.52379e+03    1.95045e+02   -1.94026e-03
 Pressure (bar)
   -1.09028e+00


Energy conservation over simulation part #1 of length 100 ps, time 0 to 100 ps
  Conserved energy drift: 3.23e-02 kJ/mol/ps per atom


	<======  ###############  ==>
	<====  A V E R A G E S  ====>
	<==  ###############  ======>

	Statistics over 50001 steps using 501 frames

   Energies (kJ/mol)
        LJ (SR)  Disper. corr.   Coulomb (SR)   Coul. recip.      Potential
    1.06531e+03   -8.23221e-02   -5.66952e+03    6.64408e+01   -4.53785e+03
    Kinetic En.   Total Energy  Conserved En.    Temperature Pres. DC (bar)
    5.02457e+02   -4.03539e+03   -3.24272e+03    2.00437e+02   -1.94026e-03
 Pressure (bar)
    5.87022e-02

   Total Virial (kJ/mol)
    1.65515e+02    3.68589e+00    3.56918e+00
    3.67363e+00    1.62757e+02   -3.42770e+00
    3.56022e+00   -3.42535e+00    1.68883e+02

   Pressure (bar)
    6.04149e-02   -9.07641e-02   -1.74593e-01
   -9.03567e-02    1.81688e-01    8.29890e-02
   -1.74295e-01    8.29110e-02   -6.59961e-02


	M E G A - F L O P S   A C C O U N T I N G

 NB=Group-cutoff nonbonded kernels    NxN=N-by-N cluster Verlet kernels
 RF=Reaction-Field  VdW=Van der Waals  QSTab=quadratic-spline table
 W3=SPC/TIP3p  W4=TIP4p (single or pairs)
 V&F=Potential and force  V=Potential only  F=Force only

 Computing:                               M-Number         M-Flops  % Flops
-----------------------------------------------------------------------------
 Pair Search distance check               9.588868          86.300     0.0
 NxN Ewald Elec. + LJ [F]              2002.857120      132188.570     1.4
 NxN Ewald Elec. + LJ [V&F]              20.272000        2169.104     0.0
 NxN Ewald Elec. [F]                   1969.979616      120168.757     1.3
 NxN Ewald Elec. [V&F]                   19.939904        1674.952     0.0
 Calc Weights                            60.601212        2181.644     0.0
 Spread Q Bspline                      1292.825856        2585.652     0.0
 Gather F Bspline                      1292.825856        7756.955     0.1
 3D-FFT                             1136648.332512     9093186.660    96.9
 Solve PME                              352.807056       22579.652     0.2
 Reset In Box                             0.202404           0.607     0.0
 CG-CoM                                   0.202808           0.608     0.0
 Virial                                   0.292584           5.267     0.0
 Stop-CM                                  0.202808           2.028     0.0
 Calc-Ekin                                1.616808          43.654     0.0
 Constraint-V                            15.150606         136.355     0.0
 Constraint-Vir                           0.151803           3.643     0.0
 Settle                                   5.050303        1868.612     0.0
 Virtual Site 3                           5.100702         188.726     0.0
-----------------------------------------------------------------------------
 Total                                                 9386827.745   100.0
-----------------------------------------------------------------------------


    D O M A I N   D E C O M P O S I T I O N   S T A T I S T I C S

 av. #atoms communicated per step for force:  2 x 205.8


Dynamic load balancing report:
 DLB was off during the run due to low measured imbalance.
 Average load imbalance: 58.7%.
 The balanceable part of the MD step is 2%, load imbalance is computed from this.
 Part of the total run time spent waiting due to load imbalance: 1.1%.


      R E A L   C Y C L E   A N D   T I M E   A C C O U N T I N G

On 4 MPI ranks, each using 5 OpenMP threads

 Activity:              Num   Num      Call    Wall time         Giga-Cycles
                        Ranks Threads  Count      (s)         total sum    %
--------------------------------------------------------------------------------
 Domain decomp.            4    5        501       0.064          3.466   0.1
 DD comm. load             4    5         27       0.002          0.095   0.0
 Vsite constr.             4    5      50001       0.076          4.109   0.1
 Neighbor search           4    5        501       0.012          0.633   0.0
 Comm. coord.              4    5      49500       0.152          8.189   0.2
 Force                     4    5      50001       0.614         33.002   1.0
 Wait + Comm. F            4    5      50001       0.031          1.683   0.0
 PME mesh                  4    5      50001      61.640       3313.756  97.0
 NB X/F buffer ops.        4    5     149001       0.211         11.327   0.3
 Vsite spread              4    5      50502       0.203         10.913   0.3
 Write traj.               4    5          6       0.008          0.429   0.0
 Update                    4    5      50001       0.148          7.958   0.2
 Constraints               4    5      50003       0.060          3.225   0.1
 Comm. energies            4    5       2001       0.153          8.237   0.2
 Rest                                              0.172          9.222   0.3
--------------------------------------------------------------------------------
 Total                                            63.546       3416.243 100.0
--------------------------------------------------------------------------------
 Breakdown of PME mesh activities
--------------------------------------------------------------------------------
 PME redist. X/F           4    5     100002       4.927        264.857   7.8
 PME spread                4    5      50001       5.549        298.295   8.7
 PME gather                4    5      50001       8.257        443.912  13.0
 PME 3D-FFT                4    5     100002      25.438       1367.528  40.0
 PME 3D-FFT Comm.          4    5     100002      15.705        844.323  24.7
 PME solve Elec            4    5      50001       1.693         91.006   2.7
--------------------------------------------------------------------------------

               Core t (s)   Wall t (s)        (%)
       Time:     1270.924       63.546     2000.0
                 (ns/day)    (hour/ns)
Performance:      135.967        0.177
Finished mdrun on rank 0 Thu Jun  1 19:51:41 2023

